<?xml version="1.0" encoding="UTF-8"?>
<testng-results ignored="0" total="3" passed="3" failed="0" skipped="0">
  <reporter-output>
    <line>
      <![CDATA[dove website]]>
    </line>
    <line>
      <![CDATA[pantene website]]>
    </line>
    <line>
      <![CDATA[nivea website]]>
    </line>
  </reporter-output>
  <suite started-at="2024-05-24T07:53:08 IST" name="Suite" finished-at="2024-05-24T07:53:15 IST" duration-ms="6961">
    <groups>
    </groups>
    <test started-at="2024-05-24T07:53:08 IST" name="Test" finished-at="2024-05-24T07:53:15 IST" duration-ms="6961">
      <class name="beauty.LaunchNivea_Test">
        <test-method signature="launch()[pri:0, instance:beauty.LaunchNivea_Test@d4342c2]" started-at="2024-05-24T07:53:08 IST" name="launch" finished-at="2024-05-24T07:53:13 IST" duration-ms="4978" status="PASS">
          <reporter-output>
            <line>
              <![CDATA[nivea website]]>
            </line>
          </reporter-output>
        </test-method> <!-- launch -->
      </class> <!-- beauty.LaunchNivea_Test -->
      <class name="beauty.LaunchPantene_Test">
        <test-method signature="launch()[pri:0, instance:beauty.LaunchPantene_Test@4e91d63f]" started-at="2024-05-24T07:53:08 IST" name="launch" finished-at="2024-05-24T07:53:13 IST" duration-ms="4845" status="PASS">
          <reporter-output>
            <line>
              <![CDATA[pantene website]]>
            </line>
          </reporter-output>
        </test-method> <!-- launch -->
      </class> <!-- beauty.LaunchPantene_Test -->
      <class name="beauty.LaunchDove_Test">
        <test-method signature="dove()[pri:0, instance:beauty.LaunchDove_Test@2bbf180e]" started-at="2024-05-24T07:53:08 IST" name="dove" finished-at="2024-05-24T07:53:15 IST" duration-ms="6938" status="PASS">
          <reporter-output>
            <line>
              <![CDATA[dove website]]>
            </line>
          </reporter-output>
        </test-method> <!-- dove -->
      </class> <!-- beauty.LaunchDove_Test -->
    </test> <!-- Test -->
  </suite> <!-- Suite -->
</testng-results>
