<?xml version="1.0" encoding="UTF-8"?>
<!-- Generated by org.testng.reporters.JUnitXMLReporter -->
<testsuite ignored="0" hostname="Samreen" failures="0" tests="3" name="Test" time="6.961" errors="0" timestamp="2024-05-24T07:53:15 IST">
  <testcase classname="beauty.LaunchPantene_Test" name="launch" time="4.845"/>
  <testcase classname="beauty.LaunchNivea_Test" name="launch" time="4.978"/>
  <testcase classname="beauty.LaunchDove_Test" name="dove" time="6.938"/>
</testsuite> <!-- Test -->
