<?xml version="1.0" encoding="UTF-8"?>
<!-- Generated by org.testng.reporters.JUnitXMLReporter -->
<testsuite ignored="0" hostname="Samreen" failures="0" tests="9" name="Surefire test" time="79.919" errors="0" timestamp="2024-05-24T07:44:53 IST">
  <testcase classname="beauty.LaunchDove_Test" name="dove" time="6.129"/>
  <testcase classname="beauty.LaunchNivea_Test" name="launch" time="13.557"/>
  <testcase classname="beauty.LaunchPantene_Test" name="launch" time="3.333"/>
  <testcase classname="ecom.Script1_Test" name="Script01" time="8.126"/>
  <testcase classname="ecom.Script2_Test" name="Script02" time="20.763"/>
  <testcase classname="ecom.Script3_Test" name="Script03" time="19.148"/>
  <testcase classname="food.Burger_Test" name="launch" time="2.622"/>
  <testcase classname="food.dominos_Test" name="launch" time="2.587"/>
  <testcase classname="food.pizzahut_Test" name="launch" time="3.614"/>
</testsuite> <!-- Surefire test -->
